<?xml version="1.0" encoding="UTF-8"?>
<!-- Generated by org.testng.reporters.JUnitReportReporter -->
<testsuite skipped="0" hostname="DESKTOP-3BSMRC9" name="DemoOne" tests="6" failures="0" timestamp="2021-02-20T09:18:20 IST" time="24.325" errors="0">
  <testcase name="test" time="10.680" classname="DemoOne"/>
  <system-out/>
  <testcase name="openNewWindow" time="1.803" classname="DemoOne"/>
  <system-out/>
  <testcase name="screenshotTest" time="1.499" classname="DemoOne"/>
  <system-out/>
  <testcase name="location" time="5.454" classname="DemoOne"/>
  <system-out/>
  <testcase name="sampleTC" time="2.889" classname="DemoOne"/>
  <system-out/>
  <testcase name="openNewTab" time="2.000" classname="DemoOne"/>
  <system-out/>
</testsuite> <!-- DemoOne -->
