<?xml version="1.0" encoding="UTF-8"?>
<!-- Generated by org.testng.reporters.JUnitReportReporter -->
<testsuite skipped="0" hostname="DESKTOP-3BSMRC9" name="DemoOne" tests="6" failures="0" timestamp="2021-02-19T00:58:50 IST" time="20.723" errors="0">
  <testcase name="screenshotTest" time="1.139" classname="DemoOne"/>
  <system-out/>
  <testcase name="openNewTab" time="1.661" classname="DemoOne"/>
  <system-out/>
  <testcase name="location" time="3.568" classname="DemoOne"/>
  <system-out/>
  <testcase name="sampleTC" time="2.896" classname="DemoOne"/>
  <system-out/>
  <testcase name="openNewWindow" time="1.604" classname="DemoOne"/>
  <system-out/>
  <testcase name="test" time="9.855" classname="DemoOne"/>
  <system-out/>
</testsuite> <!-- DemoOne -->
